b:\github\2d-game\sfml app1\x64\debug\vc142.pdb
b:\github\2d-game\sfml app1\x64\debug\vc142.idb
b:\github\2d-game\sfml app1\x64\debug\soldieranimation.obj
b:\github\2d-game\sfml app1\x64\debug\soldier.obj
b:\github\2d-game\sfml app1\x64\debug\main.obj
b:\github\2d-game\sfml app1\x64\debug\player.obj
b:\github\2d-game\sfml app1\x64\debug\platform.obj
b:\github\2d-game\sfml app1\x64\debug\level.obj
b:\github\2d-game\sfml app1\x64\debug\game.obj
b:\github\2d-game\sfml app1\x64\debug\functions.obj
b:\github\2d-game\sfml app1\x64\debug\collider.obj
b:\github\2d-game\sfml app1\x64\debug\charactercollider.obj
b:\github\2d-game\sfml app1\x64\debug\characteranimation.obj
b:\github\2d-game\sfml app1\x64\debug\menu.obj
b:\github\2d-game\sfml app1\x64\debug\enemy.obj
b:\github\2d-game\sfml app1\x64\debug\cooldown.obj
b:\github\2d-game\sfml app1\x64\debug\character.obj
b:\github\2d-game\sfml app1\x64\debug\bullet.obj
b:\github\2d-game\sfml app1\x64\debug\animation.obj
b:\github\2d-game\sfml app1\x64\debug\healthbar.obj
b:\github\2d-game\sfml app1\x64\debug\map.obj
b:\github\2d-game\sfml app1\x64\debug\tilemap.obj
b:\github\2d-game\sfml app1\x64\debug\timer.obj
b:\github\2d-game\sfml app1\x64\debug\enemyspawner.obj
b:\github\2d-game\sfml app1\x64\debug\hud.obj
b:\github\2d-game\sfml app1\x64\debug\utils.obj
b:\github\2d-game\sfml app1\x64\debug\bird.obj
b:\github\2d-game\sfml app1\x64\debug\plasmadrone.obj
b:\github\2d-game\sfml app1\x64\debug\plasmabullet.obj
b:\github\2d-game\sfml app1\x64\debug\plasmabulletanimation.obj
b:\github\2d-game\sfml app1\x64\debug\playerhandler.obj
b:\github\2d-game\x64\debug\2d-game.exe
b:\github\2d-game\x64\debug\2d-game.ilk
b:\github\2d-game\x64\debug\2d-game.pdb
b:\github\2d-game\sfml app1\x64\debug\bullet.new.obj.enc
b:\github\2d-game\sfml app1\x64\debug\game.new.obj.enc
b:\github\2d-game\sfml app1\x64\debug\main.obj.enc
b:\github\2d-game\sfml app1\x64\debug\map.new.obj.enc
b:\github\2d-game\sfml app1\x64\debug\plasmadrone.new.obj.enc
b:\github\2d-game\sfml app1\x64\debug\soldier.new.obj.enc
b:\github\2d-game\sfml app1\x64\debug\2d-game.tlog\cl.command.1.tlog
b:\github\2d-game\sfml app1\x64\debug\2d-game.tlog\cl.read.1.tlog
b:\github\2d-game\sfml app1\x64\debug\2d-game.tlog\cl.write.1.tlog
b:\github\2d-game\sfml app1\x64\debug\2d-game.tlog\link.command.1.tlog
b:\github\2d-game\sfml app1\x64\debug\2d-game.tlog\link.read.1.tlog
b:\github\2d-game\sfml app1\x64\debug\2d-game.tlog\link.write.1.tlog
